<?xml version="1.0" encoding="UTF-8"?>
<testng-results ignored="0" total="1" passed="1" failed="0" skipped="0">
  <reporter-output>
  </reporter-output>
  <suite started-at="2023-10-22T16:54:30 PKT" name="Default suite" finished-at="2023-10-22T16:55:05 PKT" duration-ms="34227">
    <groups>
    </groups>
    <test started-at="2023-10-22T16:54:30 PKT" name="Default test" finished-at="2023-10-22T16:55:05 PKT" duration-ms="34227">
      <class name="MobileAutomation.Appium.AppiumBasics">
        <test-method is-config="true" signature="ConfigureAppium()[pri:0, instance:MobileAutomation.Appium.AppiumBasics@72967906]" started-at="2023-10-22T16:54:30 PKT" name="ConfigureAppium" finished-at="2023-10-22T16:54:50 PKT" duration-ms="19549" status="PASS">
          <reporter-output>
          </reporter-output>
        </test-method> <!-- ConfigureAppium -->
        <test-method signature="WifiSettingName()[pri:0, instance:MobileAutomation.Appium.AppiumBasics@72967906]" started-at="2023-10-22T16:54:50 PKT" name="WifiSettingName" finished-at="2023-10-22T16:55:03 PKT" duration-ms="13263" status="PASS">
          <reporter-output>
          </reporter-output>
        </test-method> <!-- WifiSettingName -->
        <test-method is-config="true" signature="teardown()[pri:0, instance:MobileAutomation.Appium.AppiumBasics@72967906]" started-at="2023-10-22T16:55:03 PKT" name="teardown" finished-at="2023-10-22T16:55:05 PKT" duration-ms="1340" status="PASS">
          <reporter-output>
          </reporter-output>
        </test-method> <!-- teardown -->
      </class> <!-- MobileAutomation.Appium.AppiumBasics -->
    </test> <!-- Default test -->
  </suite> <!-- Default suite -->
</testng-results>
